╭──────────────────────────────────────────────────────────────────────────────╮
│  Executing geNomad summary (v1.7.0). This will summarize the results across  │
│  modules into a classification report.                                       │
│  ──────────────────────────────────────────────────────────────────────────  │
│  Outputs:                                                                    │
│    genomad_outputs/GCA_003795065.1/GCA_003795065.1_ASM379506v1_genomic_summ  │
│    ary                                                                       │
│    ├── GCA_003795065.1_ASM379506v1_genomic_summary.json (execution           │
│    │   parameters)                                                           │
│    ├── GCA_003795065.1_ASM379506v1_genomic_virus_summary.tsv (virus          │
│    │   classification summary)                                               │
│    ├── GCA_003795065.1_ASM379506v1_genomic_plasmid_summary.tsv (plasmid      │
│    │   classification summary)                                               │
│    ├── GCA_003795065.1_ASM379506v1_genomic_virus.fna (virus nucleotide       │
│    │   FASTA file)                                                           │
│    ├── GCA_003795065.1_ASM379506v1_genomic_plasmid.fna (plasmid nucleotide   │
│    │   FASTA file)                                                           │
│    ├── GCA_003795065.1_ASM379506v1_genomic_virus_proteins.faa (virus         │
│    │   protein FASTA file)                                                   │
│    ├── GCA_003795065.1_ASM379506v1_genomic_plasmid_proteins.faa (plasmid     │
│    │   protein FASTA file)                                                   │
│    ├── GCA_003795065.1_ASM379506v1_genomic_virus_genes.tsv (virus gene       │
│    │   annotation data)                                                      │
│    └── GCA_003795065.1_ASM379506v1_genomic_plasmid_genes.tsv (plasmid gene   │
│        annotation data)                                                      │
╰──────────────────────────────────────────────────────────────────────────────╯
[13:07:52] Executing genomad summary.                                           
[13:07:52] Creating the                                                         
           genomad_outputs/GCA_003795065.1/GCA_003795065.1_ASM379506v1_genomic_s
           ummary directory.                                                    
[13:07:52] Using calibrated scores from aggregated-classification.              
[13:07:52] 0 plasmid(s) and 1 virus(es) were identified.                        
[13:07:52] Nucleotide sequences were written to                                 
           GCA_003795065.1_ASM379506v1_genomic_plasmid.fna and                  
           GCA_003795065.1_ASM379506v1_genomic_virus.fna.                       
[13:07:52] Protein sequences were written to                                    
           GCA_003795065.1_ASM379506v1_genomic_plasmid_proteins.faa and         
           GCA_003795065.1_ASM379506v1_genomic_virus_proteins.faa.              
[13:07:52] Gene annotation data was written to                                  
           GCA_003795065.1_ASM379506v1_genomic_plasmid_genes.tsv and            
           GCA_003795065.1_ASM379506v1_genomic_virus_genes.tsv.                 
[13:07:52] Summary files were written to                                        
           GCA_003795065.1_ASM379506v1_genomic_plasmid_summary.tsv and          
           GCA_003795065.1_ASM379506v1_genomic_virus_summary.tsv.               
[13:07:52] geNomad summary finished!                                            
