╭──────────────────────────────────────────────────────────────────────────────╮
│  Executing geNomad summary (v1.7.0). This will summarize the results across  │
│  modules into a classification report.                                       │
│  ──────────────────────────────────────────────────────────────────────────  │
│  Outputs:                                                                    │
│    genomad_outputs/GCA_041344855.1/GCA_041344855.1_ASM4134485v1_genomic_sum  │
│    mary                                                                      │
│    ├── GCA_041344855.1_ASM4134485v1_genomic_summary.json (execution          │
│    │   parameters)                                                           │
│    ├── GCA_041344855.1_ASM4134485v1_genomic_virus_summary.tsv (virus         │
│    │   classification summary)                                               │
│    ├── GCA_041344855.1_ASM4134485v1_genomic_plasmid_summary.tsv (plasmid     │
│    │   classification summary)                                               │
│    ├── GCA_041344855.1_ASM4134485v1_genomic_virus.fna (virus nucleotide      │
│    │   FASTA file)                                                           │
│    ├── GCA_041344855.1_ASM4134485v1_genomic_plasmid.fna (plasmid nucleotide  │
│    │   FASTA file)                                                           │
│    ├── GCA_041344855.1_ASM4134485v1_genomic_virus_proteins.faa (virus        │
│    │   protein FASTA file)                                                   │
│    ├── GCA_041344855.1_ASM4134485v1_genomic_plasmid_proteins.faa (plasmid    │
│    │   protein FASTA file)                                                   │
│    ├── GCA_041344855.1_ASM4134485v1_genomic_virus_genes.tsv (virus gene      │
│    │   annotation data)                                                      │
│    └── GCA_041344855.1_ASM4134485v1_genomic_plasmid_genes.tsv (plasmid gene  │
│        annotation data)                                                      │
╰──────────────────────────────────────────────────────────────────────────────╯
[13:33:57] Executing genomad summary.                                           
[13:33:57] Creating the                                                         
           genomad_outputs/GCA_041344855.1/GCA_041344855.1_ASM4134485v1_genomic_
           summary directory.                                                   
[13:33:57] Using calibrated scores from aggregated-classification.              
[13:33:57] 0 plasmid(s) and 1 virus(es) were identified.                        
[13:33:57] Nucleotide sequences were written to                                 
           GCA_041344855.1_ASM4134485v1_genomic_plasmid.fna and                 
           GCA_041344855.1_ASM4134485v1_genomic_virus.fna.                      
[13:33:57] Protein sequences were written to                                    
           GCA_041344855.1_ASM4134485v1_genomic_plasmid_proteins.faa and        
           GCA_041344855.1_ASM4134485v1_genomic_virus_proteins.faa.             
[13:33:57] Gene annotation data was written to                                  
           GCA_041344855.1_ASM4134485v1_genomic_plasmid_genes.tsv and           
           GCA_041344855.1_ASM4134485v1_genomic_virus_genes.tsv.                
[13:33:57] Summary files were written to                                        
           GCA_041344855.1_ASM4134485v1_genomic_plasmid_summary.tsv and         
           GCA_041344855.1_ASM4134485v1_genomic_virus_summary.tsv.              
[13:33:57] geNomad summary finished!                                            
