╭──────────────────────────────────────────────────────────────────────────────╮
│  Executing geNomad summary (v1.7.0). This will summarize the results across  │
│  modules into a classification report.                                       │
│  ──────────────────────────────────────────────────────────────────────────  │
│  Outputs:                                                                    │
│    genomad_outputs/GCA_000466885.3/GCA_000466885.3_ASM46688v3_genomic_summa  │
│    ry                                                                        │
│    ├── GCA_000466885.3_ASM46688v3_genomic_summary.json (execution            │
│    │   parameters)                                                           │
│    ├── GCA_000466885.3_ASM46688v3_genomic_virus_summary.tsv (virus           │
│    │   classification summary)                                               │
│    ├── GCA_000466885.3_ASM46688v3_genomic_plasmid_summary.tsv (plasmid       │
│    │   classification summary)                                               │
│    ├── GCA_000466885.3_ASM46688v3_genomic_virus.fna (virus nucleotide FASTA  │
│    │   file)                                                                 │
│    ├── GCA_000466885.3_ASM46688v3_genomic_plasmid.fna (plasmid nucleotide    │
│    │   FASTA file)                                                           │
│    ├── GCA_000466885.3_ASM46688v3_genomic_virus_proteins.faa (virus protein  │
│    │   FASTA file)                                                           │
│    ├── GCA_000466885.3_ASM46688v3_genomic_plasmid_proteins.faa (plasmid      │
│    │   protein FASTA file)                                                   │
│    ├── GCA_000466885.3_ASM46688v3_genomic_virus_genes.tsv (virus gene        │
│    │   annotation data)                                                      │
│    └── GCA_000466885.3_ASM46688v3_genomic_plasmid_genes.tsv (plasmid gene    │
│        annotation data)                                                      │
╰──────────────────────────────────────────────────────────────────────────────╯
[13:09:18] Executing genomad summary.                                           
[13:09:18] Creating the                                                         
           genomad_outputs/GCA_000466885.3/GCA_000466885.3_ASM46688v3_genomic_su
           mmary directory.                                                     
[13:09:18] Using calibrated scores from aggregated-classification.              
[13:09:18] 1 plasmid(s) and 3 virus(es) were identified.                        
[13:09:18] Nucleotide sequences were written to                                 
           GCA_000466885.3_ASM46688v3_genomic_plasmid.fna and                   
           GCA_000466885.3_ASM46688v3_genomic_virus.fna.                        
[13:09:18] Protein sequences were written to                                    
           GCA_000466885.3_ASM46688v3_genomic_plasmid_proteins.faa and          
           GCA_000466885.3_ASM46688v3_genomic_virus_proteins.faa.               
[13:09:18] Gene annotation data was written to                                  
           GCA_000466885.3_ASM46688v3_genomic_plasmid_genes.tsv and             
           GCA_000466885.3_ASM46688v3_genomic_virus_genes.tsv.                  
[13:09:18] Summary files were written to                                        
           GCA_000466885.3_ASM46688v3_genomic_plasmid_summary.tsv and           
           GCA_000466885.3_ASM46688v3_genomic_virus_summary.tsv.                
[13:09:18] geNomad summary finished!                                            
